<?xml version="1.0" encoding="UTF-8"?>
<!-- Generated by org.testng.reporters.JUnitReportReporter -->
<testsuite hostname="DESKTOP-1ND20L4" failures="0" tests="3" name="TestNG.DataProvidersTest" time="0.017" errors="0" timestamp="2024-08-07T21:16:26 PDT" skipped="0">
  <testcase classname="TestNG.DataProvidersTest" name="bookTicketTest" time="0.003"/>
  <system-out/>
  <testcase classname="TestNG.DataProvidersTest" name="bookTicketTest" time="0.003"/>
  <system-out/>
  <testcase classname="TestNG.DataProvidersTest" name="bookTicketTest" time="0.011"/>
  <system-out/>
</testsuite> <!-- TestNG.DataProvidersTest -->
