<?xml version="1.0" encoding="UTF-8"?>
<!-- Generated by org.testng.reporters.JUnitReportReporter -->
<testsuite hostname="DESKTOP-1ND20L4" failures="0" tests="2" name="TestNG.DisableTest" time="0.018" errors="0" timestamp="2024-07-27T00:11:17 PDT" skipped="1">
  <testcase classname="TestNG.DisableTest" name="demo3" time="0.018"/>
  <system-out>
    <![CDATA[demo1]]>
  </system-out>
  <testcase classname="TestNG.DisableTest" name="demo2">
    <skipped/>
  </testcase> <!-- demo2 -->
  <system-out/>
</testsuite> <!-- TestNG.DisableTest -->
