<?xml version="1.0" encoding="UTF-8"?>
<!-- Generated by org.testng.reporters.JUnitReportReporter -->
<testsuite hostname="DESKTOP-1ND20L4" failures="0" tests="5" name="TestNG.priorityFlagTest" time="0.034" errors="0" timestamp="2024-07-25T21:56:59 PDT" skipped="0">
  <testcase classname="TestNG.priorityFlagTest" name="demo1" time="0.022"/>
  <system-out>
    <![CDATA[demo1]]>
  </system-out>
  <testcase classname="TestNG.priorityFlagTest" name="demo4" time="0.005"/>
  <system-out>
    <![CDATA[demo4]]>
  </system-out>
  <testcase classname="TestNG.priorityFlagTest" name="demo3" time="0.002"/>
  <system-out>
    <![CDATA[demo3]]>
  </system-out>
  <testcase classname="TestNG.priorityFlagTest" name="demo2" time="0.003"/>
  <system-out>
    <![CDATA[demo2]]>
  </system-out>
  <testcase classname="TestNG.priorityFlagTest" name="demo5" time="0.002"/>
  <system-out>
    <![CDATA[demo5]]>
  </system-out>
</testsuite> <!-- TestNG.priorityFlagTest -->
