<?xml version="1.0" encoding="UTF-8"?>
<!-- Generated by org.testng.reporters.JUnitReportReporter -->
<testsuite hostname="DESKTOP-1ND20L4" failures="0" tests="1" name="TestNG.SampleTest" time="0.019" errors="0" timestamp="2024-07-25T21:33:19 PDT" skipped="0">
  <testcase classname="TestNG.SampleTest" name="demo" time="0.019"/>
  <system-out>
    <![CDATA[Hello World]]>
  </system-out>
</testsuite> <!-- TestNG.SampleTest -->
